<?xml version="1.0" encoding="UTF-8"?>
<!-- Generated by org.testng.reporters.JUnitReportReporter -->
<testsuite skipped="1" hostname="Admin-PC" name="seleniumBasics.ExcelReader" tests="1" failures="0" timestamp="2020-06-25T23:49:09 IST" time="0.000" errors="0">
  <testcase name="VerifyValidLogin" time="0.000" classname="seleniumBasics.ExcelReader">
    <skipped/>
  </testcase> <!-- VerifyValidLogin -->
  <system-out/>
</testsuite> <!-- seleniumBasics.ExcelReader -->
